Arguments: 
  C:\Program Files\nodejs\node.exe C:\Program Files (x86)\Yarn\bin\yarn.js -v

PATH: 
  C:\ProgramData\Oracle\Java\javapath;C:\Program Files (x86)\Intel\iCLS Client\;C:\Program Files\Intel\iCLS Client\;C:\WINDOWS\system32;C:\WINDOWS;C:\WINDOWS\System32\Wbem;C:\WINDOWS\System32\WindowsPowerShell\v1.0\;C:\Program Files\Intel\Intel(R) Management Engine Components\DAL;C:\Program Files\Intel\Intel(R) Management Engine Components\IPT;C:\Program Files (x86)\Intel\Intel(R) Management Engine Components\DAL;C:\Program Files (x86)\Intel\Intel(R) Management Engine Components\IPT;D:\Program Files\Git\cmd;D:\dev\Java\jdk1.8.0_45\bin;D:\dev\tool\apache-maven-3.3.3\bin;C:\Program Files\TortoiseGit\bin;D:\Program Files\TortoiseSVN\bin;D:\xampp\php;C:\ProgramData\ComposerSetup\bin;C:\Program Files (x86)\Yarn\bin;C:\Program Files\nodejs\;C:\Users\byxpc60\AppData\Local\Programs\Python\Python36-32\Scripts\;C:\Users\byxpc60\AppData\Local\Programs\Python\Python36-32\;C:\Ruby23-x64\bin;D:\Program Files\Microsoft VS Code\bin;C:\ProgramData\byxpc-19\atom\bin;C:\Users\byxpc60\AppData\Roaming\Composer\vendor\bin;C:\Users\byxpc60\AppData\Local\atom\bin;C:\Users\byxpc60\AppData\Local\Yarn\bin;C:\Users\byxpc60\AppData\Roaming\npm

Yarn version: 
  0.24.5

Node version: 
  8.1.2

Platform: 
  win32 x64

npm manifest: 
  {
    "name": "gulp-demo",
    "version": "1.0.0",
    "description": "",
    "main": "index.js",
    "scripts": {
      "test": "echo \"Error: no test specified\" && exit 1"
    },
    "author": "",
    "license": "ISC",
    "devDependencies": {
      "browser-sync": "^2.18.12",
      "gulp": "gulpjs/gulp#4.0"
    }
  }

yarn manifest: 
  No manifest

Lockfile: 
  No lockfile

Trace: 
  Error: EEXIST: file already exists, mkdir 'D:\test\gulp-d\node_modules\async-done'
